2011-05-30 16:48:17 Warning: Warning (512): <span style="color:Red;text-align:left"><b>SQL Error:</b> 1066: Not unique table/alias: 'Answer'</span> in [/usr/share/php/cake/libs/model/datasources/dbo_source.php, line 673]
2011-05-30 16:48:17 Warning: Warning (2): Invalid argument supplied for foreach() in [/var/www/quiz/app/views/answers/index.ctp, line 17]
2011-05-30 16:50:00 Warning: Warning (512): <span style="color:Red;text-align:left"><b>SQL Error:</b> 1066: Not unique table/alias: 'Answer'</span> in [/usr/share/php/cake/libs/model/datasources/dbo_source.php, line 673]
2011-05-30 16:50:00 Warning: Warning (2): Invalid argument supplied for foreach() in [/var/www/quiz/app/views/answers/index.ctp, line 17]
2011-05-30 16:50:10 Warning: Warning (512): <span style="color:Red;text-align:left"><b>SQL Error:</b> 1066: Not unique table/alias: 'Answer'</span> in [/usr/share/php/cake/libs/model/datasources/dbo_source.php, line 673]
2011-05-30 16:50:10 Warning: Warning (2): Invalid argument supplied for foreach() in [/var/www/quiz/app/views/answers/index.ctp, line 17]
2011-05-30 16:50:18 Warning: Warning (512): <span style="color:Red;text-align:left"><b>SQL Error:</b> 1066: Not unique table/alias: 'Answer'</span> in [/usr/share/php/cake/libs/model/datasources/dbo_source.php, line 673]
2011-05-30 16:50:18 Warning: Warning (2): Invalid argument supplied for foreach() in [/var/www/quiz/app/views/answers/index.ctp, line 17]
2011-05-30 16:50:19 Warning: Warning (512): <span style="color:Red;text-align:left"><b>SQL Error:</b> 1066: Not unique table/alias: 'Answer'</span> in [/usr/share/php/cake/libs/model/datasources/dbo_source.php, line 673]
2011-05-30 16:50:19 Warning: Warning (2): Invalid argument supplied for foreach() in [/var/www/quiz/app/views/answers/index.ctp, line 17]
2011-05-30 16:50:21 Warning: Warning (512): <span style="color:Red;text-align:left"><b>SQL Error:</b> 1066: Not unique table/alias: 'Answer'</span> in [/usr/share/php/cake/libs/model/datasources/dbo_source.php, line 673]
2011-05-30 16:50:21 Warning: Warning (2): Invalid argument supplied for foreach() in [/var/www/quiz/app/views/answers/index.ctp, line 17]
2011-05-30 10:15:25 Warning: Warning (2): mysql_connect() [http://php.net/function.mysql-connect]: Access denied for user 'root'@'localhost' (using password: YES) in [/websites/quiz/cake/libs/model/datasources/dbo/dbo_mysql.php, line 561]
2011-05-30 10:15:25 Warning: Warning (2): mysql_select_db() expects parameter 2 to be resource, boolean given in [/websites/quiz/cake/libs/model/datasources/dbo/dbo_mysql.php, line 567]
2011-05-30 10:15:25 Warning: Warning (2): mysql_get_server_info() expects parameter 1 to be resource, boolean given in [/websites/quiz/cake/libs/model/datasources/dbo/dbo_mysql.php, line 575]
2011-05-30 10:15:30 Warning: Warning (2): mysql_connect() [http://php.net/function.mysql-connect]: Access denied for user 'root'@'localhost' (using password: YES) in [/websites/quiz/cake/libs/model/datasources/dbo/dbo_mysql.php, line 561]
2011-05-30 10:15:30 Warning: Warning (2): mysql_select_db() expects parameter 2 to be resource, boolean given in [/websites/quiz/cake/libs/model/datasources/dbo/dbo_mysql.php, line 567]
2011-05-30 10:15:30 Warning: Warning (2): mysql_get_server_info() expects parameter 1 to be resource, boolean given in [/websites/quiz/cake/libs/model/datasources/dbo/dbo_mysql.php, line 575]
2011-05-30 10:15:35 Warning: Warning (2): mysql_connect() [http://php.net/function.mysql-connect]: Access denied for user 'root'@'localhost' (using password: YES) in [/websites/quiz/cake/libs/model/datasources/dbo/dbo_mysql.php, line 561]
2011-05-30 10:15:35 Warning: Warning (2): mysql_select_db() expects parameter 2 to be resource, boolean given in [/websites/quiz/cake/libs/model/datasources/dbo/dbo_mysql.php, line 567]
2011-05-30 10:15:35 Warning: Warning (2): mysql_get_server_info() expects parameter 1 to be resource, boolean given in [/websites/quiz/cake/libs/model/datasources/dbo/dbo_mysql.php, line 575]
2011-05-30 10:15:36 Warning: Warning (2): mysql_connect() [http://php.net/function.mysql-connect]: Access denied for user 'root'@'localhost' (using password: YES) in [/websites/quiz/cake/libs/model/datasources/dbo/dbo_mysql.php, line 561]
2011-05-30 10:15:36 Warning: Warning (2): mysql_select_db() expects parameter 2 to be resource, boolean given in [/websites/quiz/cake/libs/model/datasources/dbo/dbo_mysql.php, line 567]
2011-05-30 10:15:36 Warning: Warning (2): mysql_get_server_info() expects parameter 1 to be resource, boolean given in [/websites/quiz/cake/libs/model/datasources/dbo/dbo_mysql.php, line 575]
2011-05-30 10:15:36 Warning: Warning (2): mysql_connect() [http://php.net/function.mysql-connect]: Access denied for user 'root'@'localhost' (using password: YES) in [/websites/quiz/cake/libs/model/datasources/dbo/dbo_mysql.php, line 561]
2011-05-30 10:15:36 Warning: Warning (2): mysql_select_db() expects parameter 2 to be resource, boolean given in [/websites/quiz/cake/libs/model/datasources/dbo/dbo_mysql.php, line 567]
2011-05-30 10:15:36 Warning: Warning (2): mysql_get_server_info() expects parameter 1 to be resource, boolean given in [/websites/quiz/cake/libs/model/datasources/dbo/dbo_mysql.php, line 575]
2011-05-30 10:19:26 Warning: Warning (2): mysql_connect() [http://php.net/function.mysql-connect]: Access denied for user 'root'@'localhost' (using password: YES) in [/websites/quiz/cake/libs/model/datasources/dbo/dbo_mysql.php, line 561]
2011-05-30 10:19:26 Warning: Warning (2): mysql_select_db() expects parameter 2 to be resource, boolean given in [/websites/quiz/cake/libs/model/datasources/dbo/dbo_mysql.php, line 567]
2011-05-30 10:19:26 Warning: Warning (2): mysql_get_server_info() expects parameter 1 to be resource, boolean given in [/websites/quiz/cake/libs/model/datasources/dbo/dbo_mysql.php, line 575]
2011-05-30 10:20:21 Warning: Warning (2): mysql_connect() [http://php.net/function.mysql-connect]: Access denied for user 'root'@'localhost' (using password: YES) in [/websites/quiz/cake/libs/model/datasources/dbo/dbo_mysql.php, line 561]
2011-05-30 10:20:21 Warning: Warning (2): mysql_select_db() expects parameter 2 to be resource, boolean given in [/websites/quiz/cake/libs/model/datasources/dbo/dbo_mysql.php, line 567]
2011-05-30 10:20:21 Warning: Warning (2): mysql_get_server_info() expects parameter 1 to be resource, boolean given in [/websites/quiz/cake/libs/model/datasources/dbo/dbo_mysql.php, line 575]
